[3.615s] DEBUG:colcon:Command line arguments: ['/usr/bin/colcon', 'list', '-p', '--base-paths', '/home/prabha/projbot_ws']
[3.615s] DEBUG:colcon:Parsed command line arguments: Namespace(log_base=None, log_level=None, verb_name='list', build_base='build', ignore_user_meta=False, metas=['./colcon.meta'], base_paths=['/home/prabha/projbot_ws'], packages_ignore=None, packages_ignore_regex=None, paths=None, packages_up_to=None, packages_up_to_regex=None, packages_above=None, packages_above_and_dependencies=None, packages_above_depth=None, packages_select_by_dep=None, packages_skip_by_dep=None, packages_skip_up_to=None, packages_select_build_failed=False, packages_skip_build_finished=False, packages_select_test_failures=False, packages_skip_test_passed=False, packages_select=None, packages_skip=None, packages_select_regex=None, packages_skip_regex=None, packages_start=None, packages_end=None, allow_overriding=[], topological_order=False, names_only=False, paths_only=True, topological_graph=False, topological_graph_dot=False, topological_graph_density=False, topological_graph_legend=False, topological_graph_dot_cluster=False, topological_graph_dot_include_skipped=False, verb_parser=<colcon_defaults.argument_parser.defaults.DefaultArgumentsDecorator object at 0x7f041d7538e0>, verb_extension=<colcon_package_information.verb.list.ListVerb object at 0x7f041da6d570>, main=<bound method ListVerb.main of <colcon_package_information.verb.list.ListVerb object at 0x7f041da6d570>>)
[3.896s] Level 1:colcon.colcon_core.package_discovery:discover_packages(colcon_meta) check parameters
[3.897s] Level 1:colcon.colcon_core.package_discovery:discover_packages(recursive) check parameters
[3.898s] Level 1:colcon.colcon_core.package_discovery:discover_packages(ignore) check parameters
[3.898s] Level 1:colcon.colcon_core.package_discovery:discover_packages(path) check parameters
[3.898s] Level 1:colcon.colcon_core.package_discovery:discover_packages(recursive) discover
[3.899s] INFO:colcon.colcon_core.package_discovery:Crawling recursively for packages in '/home/prabha/projbot_ws'
[3.899s] Level 1:colcon.colcon_core.package_identification:_identify(/home/prabha/projbot_ws) by extensions ['ignore', 'ignore_ament_install']
[3.900s] Level 1:colcon.colcon_core.package_identification:_identify(/home/prabha/projbot_ws) by extension 'ignore'
[3.902s] Level 1:colcon.colcon_core.package_identification:_identify(/home/prabha/projbot_ws) by extension 'ignore_ament_install'
[3.903s] Level 1:colcon.colcon_core.package_identification:_identify(/home/prabha/projbot_ws) by extensions ['colcon_pkg']
[3.903s] Level 1:colcon.colcon_core.package_identification:_identify(/home/prabha/projbot_ws) by extension 'colcon_pkg'
[3.903s] Level 1:colcon.colcon_core.package_identification:_identify(/home/prabha/projbot_ws) by extensions ['colcon_meta']
[3.903s] Level 1:colcon.colcon_core.package_identification:_identify(/home/prabha/projbot_ws) by extension 'colcon_meta'
[3.903s] Level 1:colcon.colcon_core.package_identification:_identify(/home/prabha/projbot_ws) by extensions ['ros']
[3.903s] Level 1:colcon.colcon_core.package_identification:_identify(/home/prabha/projbot_ws) by extension 'ros'
[3.948s] Level 1:colcon.colcon_core.package_identification:_identify(/home/prabha/projbot_ws) by extensions ['cmake', 'python']
[3.949s] Level 1:colcon.colcon_core.package_identification:_identify(/home/prabha/projbot_ws) by extension 'cmake'
[3.949s] Level 1:colcon.colcon_core.package_identification:_identify(/home/prabha/projbot_ws) by extension 'python'
[3.949s] Level 1:colcon.colcon_core.package_identification:_identify(/home/prabha/projbot_ws) by extensions ['python_setup_py']
[3.949s] Level 1:colcon.colcon_core.package_identification:_identify(/home/prabha/projbot_ws) by extension 'python_setup_py'
[3.950s] Level 1:colcon.colcon_core.package_identification:_identify(/home/prabha/projbot_ws/build) by extensions ['ignore', 'ignore_ament_install']
[3.950s] Level 1:colcon.colcon_core.package_identification:_identify(/home/prabha/projbot_ws/build) by extension 'ignore'
[3.950s] Level 1:colcon.colcon_core.package_identification:_identify(/home/prabha/projbot_ws/build) by extension 'ignore_ament_install'
[3.951s] Level 1:colcon.colcon_core.package_identification:_identify(/home/prabha/projbot_ws/build) by extensions ['colcon_pkg']
[3.951s] Level 1:colcon.colcon_core.package_identification:_identify(/home/prabha/projbot_ws/build) by extension 'colcon_pkg'
[3.951s] Level 1:colcon.colcon_core.package_identification:_identify(/home/prabha/projbot_ws/build) by extensions ['colcon_meta']
[3.951s] Level 1:colcon.colcon_core.package_identification:_identify(/home/prabha/projbot_ws/build) by extension 'colcon_meta'
[3.952s] Level 1:colcon.colcon_core.package_identification:_identify(/home/prabha/projbot_ws/build) by extensions ['ros']
[3.952s] Level 1:colcon.colcon_core.package_identification:_identify(/home/prabha/projbot_ws/build) by extension 'ros'
[3.952s] Level 1:colcon.colcon_core.package_identification:_identify(/home/prabha/projbot_ws/build) by extensions ['cmake', 'python']
[3.952s] Level 1:colcon.colcon_core.package_identification:_identify(/home/prabha/projbot_ws/build) by extension 'cmake'
[3.952s] Level 1:colcon.colcon_core.package_identification:_identify(/home/prabha/projbot_ws/build) by extension 'python'
[3.952s] Level 1:colcon.colcon_core.package_identification:_identify(/home/prabha/projbot_ws/build) by extensions ['python_setup_py']
[3.953s] Level 1:colcon.colcon_core.package_identification:_identify(/home/prabha/projbot_ws/build) by extension 'python_setup_py'
[3.953s] Level 1:colcon.colcon_core.package_identification:_identify(/home/prabha/projbot_ws/install) by extensions ['ignore', 'ignore_ament_install']
[3.953s] Level 1:colcon.colcon_core.package_identification:_identify(/home/prabha/projbot_ws/install) by extension 'ignore'
[3.954s] Level 1:colcon.colcon_core.package_identification:_identify(/home/prabha/projbot_ws/install) by extension 'ignore_ament_install'
[3.954s] Level 1:colcon.colcon_core.package_identification:_identify(/home/prabha/projbot_ws/install) by extensions ['colcon_pkg']
[3.955s] Level 1:colcon.colcon_core.package_identification:_identify(/home/prabha/projbot_ws/install) by extension 'colcon_pkg'
[3.955s] Level 1:colcon.colcon_core.package_identification:_identify(/home/prabha/projbot_ws/install) by extensions ['colcon_meta']
[3.955s] Level 1:colcon.colcon_core.package_identification:_identify(/home/prabha/projbot_ws/install) by extension 'colcon_meta'
[3.955s] Level 1:colcon.colcon_core.package_identification:_identify(/home/prabha/projbot_ws/install) by extensions ['ros']
[3.956s] Level 1:colcon.colcon_core.package_identification:_identify(/home/prabha/projbot_ws/install) by extension 'ros'
[3.957s] Level 1:colcon.colcon_core.package_identification:_identify(/home/prabha/projbot_ws/install) by extensions ['cmake', 'python']
[3.957s] Level 1:colcon.colcon_core.package_identification:_identify(/home/prabha/projbot_ws/install) by extension 'cmake'
[3.958s] Level 1:colcon.colcon_core.package_identification:_identify(/home/prabha/projbot_ws/install) by extension 'python'
[3.958s] Level 1:colcon.colcon_core.package_identification:_identify(/home/prabha/projbot_ws/install) by extensions ['python_setup_py']
[3.959s] Level 1:colcon.colcon_core.package_identification:_identify(/home/prabha/projbot_ws/install) by extension 'python_setup_py'
[3.959s] Level 1:colcon.colcon_core.package_identification:_identify(/home/prabha/projbot_ws/log) by extensions ['ignore', 'ignore_ament_install']
[3.959s] Level 1:colcon.colcon_core.package_identification:_identify(/home/prabha/projbot_ws/log) by extension 'ignore'
[3.959s] Level 1:colcon.colcon_core.package_identification:_identify(/home/prabha/projbot_ws/log) ignored
[3.960s] Level 1:colcon.colcon_core.package_identification:_identify(/home/prabha/projbot_ws/src) by extensions ['ignore', 'ignore_ament_install']
[3.960s] Level 1:colcon.colcon_core.package_identification:_identify(/home/prabha/projbot_ws/src) by extension 'ignore'
[3.960s] Level 1:colcon.colcon_core.package_identification:_identify(/home/prabha/projbot_ws/src) by extension 'ignore_ament_install'
[3.961s] Level 1:colcon.colcon_core.package_identification:_identify(/home/prabha/projbot_ws/src) by extensions ['colcon_pkg']
[3.961s] Level 1:colcon.colcon_core.package_identification:_identify(/home/prabha/projbot_ws/src) by extension 'colcon_pkg'
[3.961s] Level 1:colcon.colcon_core.package_identification:_identify(/home/prabha/projbot_ws/src) by extensions ['colcon_meta']
[3.961s] Level 1:colcon.colcon_core.package_identification:_identify(/home/prabha/projbot_ws/src) by extension 'colcon_meta'
[3.961s] Level 1:colcon.colcon_core.package_identification:_identify(/home/prabha/projbot_ws/src) by extensions ['ros']
[3.961s] Level 1:colcon.colcon_core.package_identification:_identify(/home/prabha/projbot_ws/src) by extension 'ros'
[3.962s] Level 1:colcon.colcon_core.package_identification:_identify(/home/prabha/projbot_ws/src) by extensions ['cmake', 'python']
[3.962s] Level 1:colcon.colcon_core.package_identification:_identify(/home/prabha/projbot_ws/src) by extension 'cmake'
[3.962s] Level 1:colcon.colcon_core.package_identification:_identify(/home/prabha/projbot_ws/src) by extension 'python'
[3.962s] Level 1:colcon.colcon_core.package_identification:_identify(/home/prabha/projbot_ws/src) by extensions ['python_setup_py']
[3.962s] Level 1:colcon.colcon_core.package_identification:_identify(/home/prabha/projbot_ws/src) by extension 'python_setup_py'
[3.963s] Level 1:colcon.colcon_core.package_identification:_identify(/home/prabha/projbot_ws/src/startbot) by extensions ['ignore', 'ignore_ament_install']
[3.963s] Level 1:colcon.colcon_core.package_identification:_identify(/home/prabha/projbot_ws/src/startbot) by extension 'ignore'
[3.963s] Level 1:colcon.colcon_core.package_identification:_identify(/home/prabha/projbot_ws/src/startbot) by extension 'ignore_ament_install'
[3.963s] Level 1:colcon.colcon_core.package_identification:_identify(/home/prabha/projbot_ws/src/startbot) by extensions ['colcon_pkg']
[3.964s] Level 1:colcon.colcon_core.package_identification:_identify(/home/prabha/projbot_ws/src/startbot) by extension 'colcon_pkg'
[3.964s] Level 1:colcon.colcon_core.package_identification:_identify(/home/prabha/projbot_ws/src/startbot) by extensions ['colcon_meta']
[3.964s] Level 1:colcon.colcon_core.package_identification:_identify(/home/prabha/projbot_ws/src/startbot) by extension 'colcon_meta'
[3.964s] Level 1:colcon.colcon_core.package_identification:_identify(/home/prabha/projbot_ws/src/startbot) by extensions ['ros']
[3.964s] Level 1:colcon.colcon_core.package_identification:_identify(/home/prabha/projbot_ws/src/startbot) by extension 'ros'
[3.974s] DEBUG:colcon.colcon_core.package_identification:Package '/home/prabha/projbot_ws/src/startbot' with type 'ros.ament_python' and name 'startbot'
[3.975s] Level 1:colcon.colcon_core.package_discovery:discover_packages(recursive) using defaults
