[0.857s] Invoking command in '/home/prabha/projbot_ws/src/startbot': PYTHONPATH=/home/prabha/projbot_ws/build/startbot/prefix_override:/home/prabha/projbot_ws/install/startbot/lib/python3.10/site-packages:${PYTHONPATH} /usr/bin/python3 setup.py egg_info --egg-base ../../build/startbot build --build-base /home/prabha/projbot_ws/build/startbot/build install --record /home/prabha/projbot_ws/build/startbot/install.log --single-version-externally-managed
[1.081s] running egg_info
[1.081s] creating ../../build/startbot/startbot.egg-info
[1.081s] writing ../../build/startbot/startbot.egg-info/PKG-INFO
[1.082s] writing dependency_links to ../../build/startbot/startbot.egg-info/dependency_links.txt
[1.082s] writing entry points to ../../build/startbot/startbot.egg-info/entry_points.txt
[1.082s] writing requirements to ../../build/startbot/startbot.egg-info/requires.txt
[1.082s] writing top-level names to ../../build/startbot/startbot.egg-info/top_level.txt
[1.082s] writing manifest file '../../build/startbot/startbot.egg-info/SOURCES.txt'
[1.084s] reading manifest file '../../build/startbot/startbot.egg-info/SOURCES.txt'
[1.085s] writing manifest file '../../build/startbot/startbot.egg-info/SOURCES.txt'
[1.085s] running build
[1.085s] running build_py
[1.085s] creating /home/prabha/projbot_ws/build/startbot/build
[1.085s] creating /home/prabha/projbot_ws/build/startbot/build/lib
[1.085s] creating /home/prabha/projbot_ws/build/startbot/build/lib/startbot
[1.086s] copying startbot/__init__.py -> /home/prabha/projbot_ws/build/startbot/build/lib/startbot
[1.086s] running install
[1.086s] running install_lib
[1.087s] creating /home/prabha/projbot_ws/install/startbot/lib/python3.10/site-packages/startbot
[1.087s] copying /home/prabha/projbot_ws/build/startbot/build/lib/startbot/__init__.py -> /home/prabha/projbot_ws/install/startbot/lib/python3.10/site-packages/startbot
[1.088s] byte-compiling /home/prabha/projbot_ws/install/startbot/lib/python3.10/site-packages/startbot/__init__.py to __init__.cpython-310.pyc
[1.088s] running install_data
[1.088s] creating /home/prabha/projbot_ws/install/startbot/share/ament_index
[1.089s] creating /home/prabha/projbot_ws/install/startbot/share/ament_index/resource_index
[1.089s] creating /home/prabha/projbot_ws/install/startbot/share/ament_index/resource_index/packages
[1.089s] copying resource/startbot -> /home/prabha/projbot_ws/install/startbot/share/ament_index/resource_index/packages
[1.089s] copying package.xml -> /home/prabha/projbot_ws/install/startbot/share/startbot
[1.089s] running install_egg_info
[1.091s] Copying ../../build/startbot/startbot.egg-info to /home/prabha/projbot_ws/install/startbot/lib/python3.10/site-packages/startbot-0.0.0-py3.10.egg-info
[1.093s] running install_scripts
[1.115s] writing list of installed files to '/home/prabha/projbot_ws/build/startbot/install.log'
[1.138s] Invoked command in '/home/prabha/projbot_ws/src/startbot' returned '0': PYTHONPATH=/home/prabha/projbot_ws/build/startbot/prefix_override:/home/prabha/projbot_ws/install/startbot/lib/python3.10/site-packages:${PYTHONPATH} /usr/bin/python3 setup.py egg_info --egg-base ../../build/startbot build --build-base /home/prabha/projbot_ws/build/startbot/build install --record /home/prabha/projbot_ws/build/startbot/install.log --single-version-externally-managed
